2025-07-14 21:28:21,427 - INFO - Starting the scraping process...
2025-07-14 21:28:21,427 - INFO - Scraping page 1: http://quotes.toscrape.com/page/1/
2025-07-14 21:28:21,844 - INFO - Scraping page 2: http://quotes.toscrape.com/page/2/
2025-07-14 21:28:22,459 - INFO - Scraping page 3: http://quotes.toscrape.com/page/3/
2025-07-14 21:28:22,875 - INFO - Scraping page 4: http://quotes.toscrape.com/page/4/
2025-07-14 21:28:23,303 - INFO - Scraping page 5: http://quotes.toscrape.com/page/5/
2025-07-14 21:28:23,780 - INFO - Scraping page 6: http://quotes.toscrape.com/page/6/
2025-07-14 21:28:24,181 - INFO - Scraping page 7: http://quotes.toscrape.com/page/7/
2025-07-14 21:28:24,516 - INFO - Scraping page 8: http://quotes.toscrape.com/page/8/
2025-07-14 21:28:24,897 - INFO - Scraping page 9: http://quotes.toscrape.com/page/9/
2025-07-14 21:28:25,183 - INFO - Scraping page 10: http://quotes.toscrape.com/page/10/
2025-07-14 21:28:25,508 - INFO - 97 Quotes saved to data/quotes.csv
2025-07-14 21:28:25,508 - INFO - Scraping completed. 97 quotes found.
2025-07-14 22:16:27,564 - INFO - Starting the scraping process...
2025-07-14 22:16:27,564 - INFO - Scraping page 1: http://quotes.toscrape.com/page/1/
2025-07-14 22:16:28,113 - INFO - Found 10 quotes on http://quotes.toscrape.com/page/1/
2025-07-14 22:16:28,114 - INFO - Scraping page 2: http://quotes.toscrape.com/page/2/
2025-07-14 22:16:28,741 - INFO - Found 10 quotes on http://quotes.toscrape.com/page/2/
2025-07-14 22:16:28,741 - INFO - Scraping page 3: http://quotes.toscrape.com/page/3/
2025-07-14 22:16:29,108 - INFO - Found 9 quotes on http://quotes.toscrape.com/page/3/
2025-07-14 22:16:29,108 - INFO - Scraping page 4: http://quotes.toscrape.com/page/4/
2025-07-14 22:16:29,477 - INFO - Found 10 quotes on http://quotes.toscrape.com/page/4/
2025-07-14 22:16:29,478 - INFO - Scraping page 5: http://quotes.toscrape.com/page/5/
2025-07-14 22:16:29,770 - INFO - Found 9 quotes on http://quotes.toscrape.com/page/5/
2025-07-14 22:16:29,770 - INFO - Scraping page 6: http://quotes.toscrape.com/page/6/
2025-07-14 22:16:30,122 - INFO - Found 10 quotes on http://quotes.toscrape.com/page/6/
2025-07-14 22:16:30,122 - INFO - Scraping page 7: http://quotes.toscrape.com/page/7/
2025-07-14 22:16:30,456 - INFO - Found 10 quotes on http://quotes.toscrape.com/page/7/
2025-07-14 22:16:30,456 - INFO - Scraping page 8: http://quotes.toscrape.com/page/8/
2025-07-14 22:16:30,815 - INFO - Found 9 quotes on http://quotes.toscrape.com/page/8/
2025-07-14 22:16:30,815 - INFO - Scraping page 9: http://quotes.toscrape.com/page/9/
2025-07-14 22:16:31,239 - INFO - Found 10 quotes on http://quotes.toscrape.com/page/9/
2025-07-14 22:16:31,239 - INFO - Scraping page 10: http://quotes.toscrape.com/page/10/
2025-07-14 22:16:31,534 - INFO - Found 10 quotes on http://quotes.toscrape.com/page/10/
2025-07-14 22:16:31,537 - INFO - 97 Quotes saved to data/quotes.csv
2025-07-14 22:16:31,537 - INFO - Scraping completed. 97 quotes found.
2025-07-15 21:17:11,828 - INFO - Starting the scraping process...
2025-07-15 21:17:33,593 - INFO - Starting the scraping process...
2025-07-15 21:19:48,215 - INFO - Starting the scraping process...
2025-07-15 21:20:17,364 - INFO - Starting the scraping process...
2025-07-15 21:20:17,364 - INFO - Scraping page 1: http://quotes.toscrape.com/page/1/
2025-07-15 21:20:18,210 - INFO - Found 10 quotes on http://quotes.toscrape.com/page/1/
2025-07-15 21:20:18,210 - INFO - Scraping page 2: http://quotes.toscrape.com/page/2/
2025-07-15 21:20:18,694 - INFO - Found 10 quotes on http://quotes.toscrape.com/page/2/
2025-07-15 21:20:18,694 - INFO - Scraping page 3: http://quotes.toscrape.com/page/3/
2025-07-15 21:20:19,041 - INFO - Found 9 quotes on http://quotes.toscrape.com/page/3/
2025-07-15 21:20:19,041 - INFO - Scraping page 4: http://quotes.toscrape.com/page/4/
2025-07-15 21:20:19,435 - INFO - Found 10 quotes on http://quotes.toscrape.com/page/4/
2025-07-15 21:20:19,435 - INFO - Scraping page 5: http://quotes.toscrape.com/page/5/
2025-07-15 21:20:19,729 - INFO - Found 9 quotes on http://quotes.toscrape.com/page/5/
2025-07-15 21:20:19,729 - INFO - Scraping page 6: http://quotes.toscrape.com/page/6/
2025-07-15 21:20:20,028 - INFO - Found 10 quotes on http://quotes.toscrape.com/page/6/
2025-07-15 21:20:20,028 - INFO - Scraping page 7: http://quotes.toscrape.com/page/7/
2025-07-15 21:20:20,535 - INFO - Found 10 quotes on http://quotes.toscrape.com/page/7/
2025-07-15 21:20:20,535 - INFO - Scraping page 8: http://quotes.toscrape.com/page/8/
2025-07-15 21:20:20,907 - INFO - Found 9 quotes on http://quotes.toscrape.com/page/8/
2025-07-15 21:20:20,907 - INFO - Scraping page 9: http://quotes.toscrape.com/page/9/
2025-07-15 21:20:21,195 - INFO - Found 10 quotes on http://quotes.toscrape.com/page/9/
2025-07-15 21:20:21,195 - INFO - Scraping page 10: http://quotes.toscrape.com/page/10/
2025-07-15 21:20:21,503 - INFO - Found 10 quotes on http://quotes.toscrape.com/page/10/
2025-07-15 21:20:21,504 - INFO - 97 Quotes saved to data/quotes.csv
2025-07-15 21:20:21,504 - INFO - Scraping completed. 97 quotes found.
2025-07-15 21:20:37,491 - INFO - Starting the scraping process...
2025-07-15 21:20:37,492 - INFO - Scraping page 1: http://quotes.toscrape.com/page/1/
2025-07-15 21:20:37,864 - INFO - Found 10 quotes on http://quotes.toscrape.com/page/1/
2025-07-15 21:20:37,865 - INFO - Scraping page 2: http://quotes.toscrape.com/page/2/
2025-07-15 21:20:38,481 - INFO - Found 10 quotes on http://quotes.toscrape.com/page/2/
2025-07-15 21:20:38,482 - INFO - Scraping page 3: http://quotes.toscrape.com/page/3/
2025-07-15 21:20:38,842 - INFO - Found 9 quotes on http://quotes.toscrape.com/page/3/
2025-07-15 21:20:38,842 - INFO - Scraping page 4: http://quotes.toscrape.com/page/4/
2025-07-15 21:20:39,105 - INFO - Found 10 quotes on http://quotes.toscrape.com/page/4/
2025-07-15 21:20:39,106 - INFO - Scraping page 5: http://quotes.toscrape.com/page/5/
2025-07-15 21:20:39,364 - INFO - Found 9 quotes on http://quotes.toscrape.com/page/5/
2025-07-15 21:20:39,364 - INFO - Scraping page 6: http://quotes.toscrape.com/page/6/
2025-07-15 21:20:39,632 - INFO - Found 10 quotes on http://quotes.toscrape.com/page/6/
2025-07-15 21:20:39,632 - INFO - Scraping page 7: http://quotes.toscrape.com/page/7/
2025-07-15 21:20:39,915 - INFO - Found 10 quotes on http://quotes.toscrape.com/page/7/
2025-07-15 21:20:39,915 - INFO - Scraping page 8: http://quotes.toscrape.com/page/8/
2025-07-15 21:20:40,311 - INFO - Found 9 quotes on http://quotes.toscrape.com/page/8/
2025-07-15 21:20:40,311 - INFO - Scraping page 9: http://quotes.toscrape.com/page/9/
2025-07-15 21:20:40,668 - INFO - Found 10 quotes on http://quotes.toscrape.com/page/9/
2025-07-15 21:20:40,668 - INFO - Scraping page 10: http://quotes.toscrape.com/page/10/
2025-07-15 21:20:40,977 - INFO - Found 10 quotes on http://quotes.toscrape.com/page/10/
2025-07-15 21:20:40,981 - INFO - 97 Quotes saved to data/quotes.csv
2025-07-15 21:20:40,981 - INFO - Scraping completed. 97 quotes found.
2025-07-15 21:24:06,129 - INFO - Starting the scraping process...
2025-07-15 21:24:06,129 - INFO - Scraping page 1: http://quotes.toscrape.com/page/1/
2025-07-15 21:24:06,406 - INFO - Found 10 quotes on http://quotes.toscrape.com/page/1/
2025-07-15 21:24:06,406 - INFO - Scraping page 2: http://quotes.toscrape.com/page/2/
2025-07-15 21:24:06,872 - INFO - Found 10 quotes on http://quotes.toscrape.com/page/2/
2025-07-15 21:24:06,873 - INFO - Scraping page 3: http://quotes.toscrape.com/page/3/
2025-07-15 21:24:07,244 - INFO - Found 9 quotes on http://quotes.toscrape.com/page/3/
2025-07-15 21:24:07,245 - INFO - Scraping page 4: http://quotes.toscrape.com/page/4/
2025-07-15 21:24:07,594 - INFO - Found 10 quotes on http://quotes.toscrape.com/page/4/
2025-07-15 21:24:07,594 - INFO - Scraping page 5: http://quotes.toscrape.com/page/5/
2025-07-15 21:24:07,986 - INFO - Found 9 quotes on http://quotes.toscrape.com/page/5/
2025-07-15 21:24:07,986 - INFO - Scraping page 6: http://quotes.toscrape.com/page/6/
2025-07-15 21:24:08,257 - INFO - Found 10 quotes on http://quotes.toscrape.com/page/6/
2025-07-15 21:24:08,257 - INFO - Scraping page 7: http://quotes.toscrape.com/page/7/
2025-07-15 21:24:08,581 - INFO - Found 10 quotes on http://quotes.toscrape.com/page/7/
2025-07-15 21:24:08,582 - INFO - Scraping page 8: http://quotes.toscrape.com/page/8/
2025-07-15 21:24:08,967 - INFO - Found 9 quotes on http://quotes.toscrape.com/page/8/
2025-07-15 21:24:08,967 - INFO - Scraping page 9: http://quotes.toscrape.com/page/9/
2025-07-15 21:24:09,242 - INFO - Found 10 quotes on http://quotes.toscrape.com/page/9/
2025-07-15 21:24:09,242 - INFO - Scraping page 10: http://quotes.toscrape.com/page/10/
2025-07-15 21:24:09,579 - INFO - Found 10 quotes on http://quotes.toscrape.com/page/10/
2025-07-15 21:24:09,582 - INFO - 97 Quotes saved to data/quotes.csv
2025-07-15 21:24:09,582 - INFO - Scraping completed. 97 quotes found.
2025-07-15 21:24:48,371 - INFO - Starting the scraping process...
2025-07-15 21:24:48,372 - INFO - Scraping page 1: http://quotes.toscrape.com/page/1/
2025-07-15 21:24:48,887 - INFO - Found 10 quotes on http://quotes.toscrape.com/page/1/
2025-07-15 21:24:48,887 - INFO - Scraping page 2: http://quotes.toscrape.com/page/2/
2025-07-15 21:24:49,372 - INFO - Found 10 quotes on http://quotes.toscrape.com/page/2/
2025-07-15 21:24:49,372 - INFO - Scraping page 3: http://quotes.toscrape.com/page/3/
2025-07-15 21:24:49,748 - INFO - Found 9 quotes on http://quotes.toscrape.com/page/3/
2025-07-15 21:24:49,748 - INFO - Scraping page 4: http://quotes.toscrape.com/page/4/
2025-07-15 21:24:50,018 - INFO - Found 10 quotes on http://quotes.toscrape.com/page/4/
2025-07-15 21:24:50,018 - INFO - Scraping page 5: http://quotes.toscrape.com/page/5/
2025-07-15 21:24:50,260 - INFO - Found 9 quotes on http://quotes.toscrape.com/page/5/
2025-07-15 21:24:50,261 - INFO - Scraping page 6: http://quotes.toscrape.com/page/6/
2025-07-15 21:24:50,624 - INFO - Found 10 quotes on http://quotes.toscrape.com/page/6/
2025-07-15 21:24:50,624 - INFO - Scraping page 7: http://quotes.toscrape.com/page/7/
2025-07-15 21:24:50,991 - INFO - Found 10 quotes on http://quotes.toscrape.com/page/7/
2025-07-15 21:24:50,991 - INFO - Scraping page 8: http://quotes.toscrape.com/page/8/
2025-07-15 21:24:51,347 - INFO - Found 9 quotes on http://quotes.toscrape.com/page/8/
2025-07-15 21:24:51,347 - INFO - Scraping page 9: http://quotes.toscrape.com/page/9/
2025-07-15 21:24:51,730 - INFO - Found 10 quotes on http://quotes.toscrape.com/page/9/
2025-07-15 21:24:51,730 - INFO - Scraping page 10: http://quotes.toscrape.com/page/10/
2025-07-15 21:24:52,096 - INFO - Found 10 quotes on http://quotes.toscrape.com/page/10/
2025-07-15 21:24:52,097 - INFO - 97 Quotes saved to data/quotes.csv
2025-07-15 21:24:52,098 - INFO - Scraping completed. 97 quotes found.
2025-07-15 21:25:11,321 - INFO - Starting the scraping process...
2025-07-15 21:25:11,322 - INFO - Scraping page 1: http://quotes.toscrape.com/page/1/
2025-07-15 21:25:11,641 - INFO - Found 10 quotes on http://quotes.toscrape.com/page/1/
2025-07-15 21:25:11,641 - INFO - Scraping page 2: http://quotes.toscrape.com/page/2/
2025-07-15 21:25:12,021 - INFO - Found 10 quotes on http://quotes.toscrape.com/page/2/
2025-07-15 21:25:12,021 - INFO - Scraping page 3: http://quotes.toscrape.com/page/3/
2025-07-15 21:25:12,373 - INFO - Found 9 quotes on http://quotes.toscrape.com/page/3/
2025-07-15 21:25:12,374 - INFO - Scraping page 4: http://quotes.toscrape.com/page/4/
2025-07-15 21:25:12,752 - INFO - Found 10 quotes on http://quotes.toscrape.com/page/4/
2025-07-15 21:25:12,752 - INFO - Scraping page 5: http://quotes.toscrape.com/page/5/
2025-07-15 21:25:13,124 - INFO - Found 9 quotes on http://quotes.toscrape.com/page/5/
2025-07-15 21:25:13,125 - INFO - Scraping page 6: http://quotes.toscrape.com/page/6/
2025-07-15 21:25:13,410 - INFO - Found 10 quotes on http://quotes.toscrape.com/page/6/
2025-07-15 21:25:13,411 - INFO - Scraping page 7: http://quotes.toscrape.com/page/7/
2025-07-15 21:25:13,740 - INFO - Found 10 quotes on http://quotes.toscrape.com/page/7/
2025-07-15 21:25:13,740 - INFO - Scraping page 8: http://quotes.toscrape.com/page/8/
2025-07-15 21:25:14,095 - INFO - Found 9 quotes on http://quotes.toscrape.com/page/8/
2025-07-15 21:25:14,095 - INFO - Scraping page 9: http://quotes.toscrape.com/page/9/
2025-07-15 21:25:14,469 - INFO - Found 10 quotes on http://quotes.toscrape.com/page/9/
2025-07-15 21:25:14,469 - INFO - Scraping page 10: http://quotes.toscrape.com/page/10/
2025-07-15 21:25:14,741 - INFO - Found 10 quotes on http://quotes.toscrape.com/page/10/
2025-07-15 21:25:14,745 - INFO - 97 Quotes saved to prova/file.csv
2025-07-15 21:25:14,745 - INFO - Scraping completed. 97 quotes found.
2025-07-15 21:25:28,274 - INFO - Starting the scraping process...
2025-07-15 21:25:28,274 - INFO - Scraping page 1: http://quotes.toscrape.com/page/1/
2025-07-15 21:25:28,828 - INFO - Found 10 quotes on http://quotes.toscrape.com/page/1/
2025-07-15 21:25:28,828 - INFO - Scraping page 2: http://quotes.toscrape.com/page/2/
2025-07-15 21:25:29,439 - INFO - Found 10 quotes on http://quotes.toscrape.com/page/2/
2025-07-15 21:25:29,439 - INFO - 20 Quotes saved to data/quotes.csv
2025-07-15 21:25:29,439 - INFO - Scraping completed. 20 quotes found.
2025-07-15 22:01:23,175 - INFO - Starting the scraping process...
2025-07-15 22:01:23,175 - INFO - Scraping page 1: http://quotes.toscrape.com/page/1/
2025-07-15 22:01:23,478 - INFO - Found 10 quotes on http://quotes.toscrape.com/page/1/
2025-07-15 22:01:23,479 - INFO - Scraping page 2: http://quotes.toscrape.com/page/2/
2025-07-15 22:01:24,083 - INFO - Found 10 quotes on http://quotes.toscrape.com/page/2/
2025-07-15 22:01:24,083 - INFO - Scraping page 3: http://quotes.toscrape.com/page/3/
2025-07-15 22:01:24,458 - INFO - Found 9 quotes on http://quotes.toscrape.com/page/3/
2025-07-15 22:01:24,458 - INFO - Scraping page 4: http://quotes.toscrape.com/page/4/
2025-07-15 22:01:24,814 - INFO - Found 10 quotes on http://quotes.toscrape.com/page/4/
2025-07-15 22:01:24,814 - INFO - Scraping page 5: http://quotes.toscrape.com/page/5/
2025-07-15 22:01:25,082 - INFO - Found 9 quotes on http://quotes.toscrape.com/page/5/
2025-07-15 22:01:25,082 - INFO - Scraping page 6: http://quotes.toscrape.com/page/6/
2025-07-15 22:01:25,442 - INFO - Found 10 quotes on http://quotes.toscrape.com/page/6/
2025-07-15 22:01:25,442 - INFO - Scraping page 7: http://quotes.toscrape.com/page/7/
2025-07-15 22:01:25,699 - INFO - Found 10 quotes on http://quotes.toscrape.com/page/7/
2025-07-15 22:01:25,699 - INFO - Scraping page 8: http://quotes.toscrape.com/page/8/
2025-07-15 22:01:25,963 - INFO - Found 9 quotes on http://quotes.toscrape.com/page/8/
2025-07-15 22:01:25,963 - INFO - Scraping page 9: http://quotes.toscrape.com/page/9/
2025-07-15 22:01:26,304 - INFO - Found 10 quotes on http://quotes.toscrape.com/page/9/
2025-07-15 22:01:26,304 - INFO - Scraping page 10: http://quotes.toscrape.com/page/10/
2025-07-15 22:01:26,670 - INFO - Found 10 quotes on http://quotes.toscrape.com/page/10/
2025-07-15 22:01:26,673 - INFO - 97 Quotes saved to data/quotes.csv
2025-07-15 22:01:26,674 - INFO - Scraping completed. 97 quotes found.
2025-07-15 22:02:03,168 - INFO - Starting the scraping process...
2025-07-15 22:02:03,168 - INFO - Scraping page 1: http://quotes.toscrape.com/page/1/
2025-07-15 22:02:03,443 - INFO - Found 10 quotes on page 1
2025-07-15 22:02:03,443 - INFO - Scraping page 2: http://quotes.toscrape.com/page/2/
2025-07-15 22:02:03,909 - INFO - Found 10 quotes on page 2
2025-07-15 22:02:03,909 - INFO - Scraping page 3: http://quotes.toscrape.com/page/3/
2025-07-15 22:02:04,274 - INFO - Found 9 quotes on page 3
2025-07-15 22:02:04,275 - INFO - Scraping page 4: http://quotes.toscrape.com/page/4/
2025-07-15 22:02:04,643 - INFO - Found 10 quotes on page 4
2025-07-15 22:02:04,643 - INFO - Scraping page 5: http://quotes.toscrape.com/page/5/
2025-07-15 22:02:04,911 - INFO - Found 9 quotes on page 5
2025-07-15 22:02:04,911 - INFO - Scraping page 6: http://quotes.toscrape.com/page/6/
2025-07-15 22:02:05,265 - INFO - Found 10 quotes on page 6
2025-07-15 22:02:05,265 - INFO - Scraping page 7: http://quotes.toscrape.com/page/7/
2025-07-15 22:02:05,608 - INFO - Found 10 quotes on page 7
2025-07-15 22:02:05,608 - INFO - Scraping page 8: http://quotes.toscrape.com/page/8/
2025-07-15 22:02:05,884 - INFO - Found 9 quotes on page 8
2025-07-15 22:02:05,885 - INFO - Scraping page 9: http://quotes.toscrape.com/page/9/
2025-07-15 22:02:06,239 - INFO - Found 10 quotes on page 9
2025-07-15 22:02:06,239 - INFO - Scraping page 10: http://quotes.toscrape.com/page/10/
2025-07-15 22:02:06,511 - INFO - Found 10 quotes on page 10
2025-07-15 22:02:06,512 - INFO - 97 Quotes saved to data/quotes.csv
2025-07-15 22:02:06,513 - INFO - Scraping completed. 97 quotes found.
2025-07-15 22:12:54,464 - INFO - Starting the scraping process...
2025-07-15 22:12:54,464 - INFO - Scraping page 1: http://quotes.toscrape.com/page/1/
2025-07-15 22:12:54,960 - INFO - Found 10 quotes on page 1
2025-07-15 22:12:54,960 - INFO - Scraping page 2: http://quotes.toscrape.com/page/2/
2025-07-15 22:12:55,573 - INFO - Found 10 quotes on page 2
2025-07-15 22:12:55,574 - INFO - Scraping page 3: http://quotes.toscrape.com/page/3/
2025-07-15 22:12:55,936 - INFO - Found 9 quotes on page 3
2025-07-15 22:12:55,936 - INFO - Scraping page 4: http://quotes.toscrape.com/page/4/
2025-07-15 22:12:56,199 - INFO - Found 10 quotes on page 4
2025-07-15 22:12:56,199 - INFO - Scraping page 5: http://quotes.toscrape.com/page/5/
2025-07-15 22:12:56,474 - INFO - Found 9 quotes on page 5
2025-07-15 22:12:56,474 - INFO - Scraping page 6: http://quotes.toscrape.com/page/6/
2025-07-15 22:12:56,736 - INFO - Found 10 quotes on page 6
2025-07-15 22:12:56,736 - INFO - Scraping page 7: http://quotes.toscrape.com/page/7/
2025-07-15 22:12:57,023 - INFO - Found 10 quotes on page 7
2025-07-15 22:12:57,023 - INFO - Scraping page 8: http://quotes.toscrape.com/page/8/
2025-07-15 22:12:57,413 - INFO - Found 9 quotes on page 8
2025-07-15 22:12:57,413 - INFO - Scraping page 9: http://quotes.toscrape.com/page/9/
2025-07-15 22:12:57,779 - INFO - Found 10 quotes on page 9
2025-07-15 22:12:57,779 - INFO - Scraping page 10: http://quotes.toscrape.com/page/10/
2025-07-15 22:12:58,090 - INFO - Found 10 quotes on page 10
2025-07-15 22:12:58,092 - INFO - 97 Quotes saved to data/quotes.csv
2025-07-15 22:12:58,092 - INFO - Scraping author: Albert Einstein
2025-07-15 22:12:58,460 - INFO - Scraping author: J.K. Rowling
2025-07-15 22:12:58,984 - INFO - Scraping author: Jane Austen
2025-07-15 22:12:59,599 - INFO - Scraping author: Marilyn Monroe
2025-07-15 22:12:59,959 - INFO - Scraping author: André Gide
2025-07-15 22:13:00,328 - INFO - Scraping author: Thomas A. Edison
2025-07-15 22:13:00,952 - INFO - Scraping author: Eleanor Roosevelt
2025-07-15 22:13:01,565 - INFO - Scraping author: Steve Martin
2025-07-15 22:13:02,182 - INFO - Scraping author: Bob Marley
2025-07-15 22:13:02,672 - INFO - Scraping author: Dr. Seuss
2025-07-15 22:13:03,161 - INFO - Scraping author: Douglas Adams
2025-07-15 22:13:03,778 - INFO - Scraping author: Elie Wiesel
2025-07-15 22:13:04,392 - INFO - Scraping author: Friedrich Nietzsche
2025-07-15 22:13:04,842 - INFO - Scraping author: Mark Twain
2025-07-15 22:13:05,212 - INFO - Scraping author: Allen Saunders
2025-07-15 22:13:05,741 - INFO - Scraping author: Pablo Neruda
2025-07-15 22:13:06,358 - INFO - Scraping author: Ralph Waldo Emerson
2025-07-15 22:13:06,973 - INFO - Scraping author: Mother Teresa
2025-07-15 22:13:07,462 - INFO - Scraping author: Garrison Keillor
2025-07-15 22:13:08,082 - INFO - Scraping author: Jim Henson
2025-07-15 22:13:08,692 - INFO - Scraping author: Charles M. Schulz
2025-07-15 22:13:09,184 - INFO - Scraping author: William Nicholson
2025-07-15 22:13:09,539 - INFO - Scraping author: Jorge Luis Borges
2025-07-15 22:13:09,917 - INFO - Scraping author: George Eliot
2025-07-15 22:13:10,412 - INFO - Scraping author: George R.R. Martin
2025-07-15 22:13:10,892 - INFO - Scraping author: C.S. Lewis
2025-07-15 22:13:11,378 - INFO - Scraping author: Martin Luther King Jr.
2025-07-15 22:13:11,751 - INFO - Scraping author: James Baldwin
2025-07-15 22:13:12,133 - INFO - Scraping author: Haruki Murakami
2025-07-15 22:13:12,750 - INFO - Scraping author: Alexandre Dumas fils
2025-07-15 22:13:13,114 - INFO - Scraping author: Stephenie Meyer
2025-07-15 22:13:13,541 - INFO - Scraping author: Ernest Hemingway
2025-07-15 22:13:13,978 - INFO - Scraping author: Helen Keller
2025-07-15 22:13:14,592 - INFO - Scraping author: George Bernard Shaw
2025-07-15 22:13:15,201 - INFO - Scraping author: Charles Bukowski
2025-07-15 22:13:15,692 - INFO - Scraping author: Suzanne Collins
2025-07-15 22:13:16,067 - INFO - Scraping author: J.R.R. Tolkien
2025-07-15 22:13:16,444 - INFO - Scraping author: Alfred Tennyson
2025-07-15 22:13:16,801 - INFO - Scraping author: Terry Pratchett
2025-07-15 22:13:17,172 - INFO - Scraping author: J.D. Salinger
2025-07-15 22:13:17,787 - INFO - Scraping author: George Carlin
2025-07-15 22:13:18,146 - INFO - Scraping author: John Lennon
2025-07-15 22:13:18,645 - INFO - Scraping author: W.C. Fields
2025-07-15 22:13:19,261 - INFO - Scraping author: Jimi Hendrix
2025-07-15 22:13:19,749 - INFO - Scraping author: J.M. Barrie
2025-07-15 22:13:20,111 - INFO - Scraping author: E.E. Cummings
2025-07-15 22:13:20,612 - INFO - Scraping author: Khaled Hosseini
2025-07-15 22:13:21,350 - INFO - Scraping author: Harper Lee
2025-07-15 22:13:21,907 - INFO - Scraping author: Madeleine L'Engle
2025-07-15 22:13:22,283 - INFO - 49 authors saved to data/authors.csv
2025-07-15 22:13:22,284 - INFO - Scraping completed. 97 quotes found.
2025-07-15 22:20:01,433 - INFO - Starting the scraping process...
2025-07-15 22:20:01,433 - INFO - Scraping page 1: http://quotes.toscrape.com/page/1/
2025-07-15 22:20:02,069 - INFO - Found 10 quotes on page 1
2025-07-15 22:20:02,070 - INFO - Scraping page 2: http://quotes.toscrape.com/page/2/
2025-07-15 22:20:02,563 - INFO - Found 10 quotes on page 2
2025-07-15 22:20:02,563 - INFO - Scraping page 3: http://quotes.toscrape.com/page/3/
2025-07-15 22:20:02,944 - INFO - Found 9 quotes on page 3
2025-07-15 22:20:02,945 - INFO - Scraping page 4: http://quotes.toscrape.com/page/4/
2025-07-15 22:20:03,211 - INFO - Found 10 quotes on page 4
2025-07-15 22:20:03,211 - INFO - Scraping page 5: http://quotes.toscrape.com/page/5/
2025-07-15 22:20:03,489 - INFO - Found 9 quotes on page 5
2025-07-15 22:20:03,489 - INFO - Scraping page 6: http://quotes.toscrape.com/page/6/
2025-07-15 22:20:03,796 - INFO - Found 10 quotes on page 6
2025-07-15 22:20:03,796 - INFO - Scraping page 7: http://quotes.toscrape.com/page/7/
2025-07-15 22:20:04,118 - INFO - Found 10 quotes on page 7
2025-07-15 22:20:04,118 - INFO - Scraping page 8: http://quotes.toscrape.com/page/8/
2025-07-15 22:20:04,423 - INFO - Found 9 quotes on page 8
2025-07-15 22:20:04,423 - INFO - Scraping page 9: http://quotes.toscrape.com/page/9/
2025-07-15 22:20:04,687 - INFO - Found 10 quotes on page 9
2025-07-15 22:20:04,688 - INFO - Scraping page 10: http://quotes.toscrape.com/page/10/
2025-07-15 22:20:05,035 - INFO - Found 10 quotes on page 10
2025-07-15 22:20:05,038 - INFO - 97 Quotes saved to data/quotes.csv
2025-07-15 22:20:05,039 - INFO - Scraping author: Albert Einstein
2025-07-15 22:20:05,626 - INFO - Scraping author: J.K. Rowling
2025-07-15 22:20:06,241 - INFO - Scraping author: Jane Austen
2025-07-15 22:20:07,097 - INFO - Scraping author: Marilyn Monroe
2025-07-15 22:20:07,719 - INFO - Scraping author: André Gide
2025-07-15 22:20:08,329 - INFO - Scraping author: Thomas A. Edison
2025-07-15 22:20:08,943 - INFO - Scraping author: Eleanor Roosevelt
2025-07-15 22:20:09,305 - INFO - Scraping author: Steve Martin
2025-07-15 22:20:10,169 - INFO - Scraping author: Bob Marley
2025-07-15 22:20:10,787 - INFO - Scraping author: Dr. Seuss
2025-07-15 22:20:11,402 - INFO - Scraping author: Douglas Adams
2025-07-15 22:20:12,015 - INFO - Scraping author: Elie Wiesel
2025-07-15 22:20:12,629 - INFO - Scraping author: Friedrich Nietzsche
2025-07-15 22:20:13,367 - INFO - Scraping author: Mark Twain
2025-07-15 22:20:13,859 - INFO - Scraping author: Allen Saunders
2025-07-15 22:20:14,471 - INFO - Scraping author: Pablo Neruda
2025-07-15 22:20:15,086 - INFO - Scraping author: Ralph Waldo Emerson
2025-07-15 22:20:15,701 - INFO - Scraping author: Mother Teresa
2025-07-15 22:20:16,303 - INFO - Scraping author: Garrison Keillor
2025-07-15 22:20:16,662 - INFO - Scraping author: Jim Henson
2025-07-15 22:20:17,025 - INFO - Scraping author: Charles M. Schulz
2025-07-15 22:20:17,542 - INFO - Scraping author: William Nicholson
2025-07-15 22:20:18,035 - INFO - Scraping author: Jorge Luis Borges
2025-07-15 22:20:18,649 - INFO - Scraping author: George Eliot
2025-07-15 22:20:19,340 - INFO - Scraping author: George R.R. Martin
2025-07-15 22:20:19,873 - INFO - Scraping author: C.S. Lewis
2025-07-15 22:20:20,609 - INFO - Scraping author: Martin Luther King Jr.
2025-07-15 22:20:21,228 - INFO - Scraping author: James Baldwin
2025-07-15 22:20:21,842 - INFO - Scraping author: Haruki Murakami
2025-07-15 22:20:22,540 - INFO - Scraping author: Alexandre Dumas fils
2025-07-15 22:20:23,067 - INFO - Scraping author: Stephenie Meyer
2025-07-15 22:20:23,808 - INFO - Scraping author: Ernest Hemingway
2025-07-15 22:20:24,300 - INFO - Scraping author: Helen Keller
2025-07-15 22:20:24,786 - INFO - Scraping author: George Bernard Shaw
2025-07-15 22:20:25,160 - INFO - Scraping author: Charles Bukowski
2025-07-15 22:20:25,775 - INFO - Scraping author: Suzanne Collins
2025-07-15 22:20:26,261 - INFO - Scraping author: J.R.R. Tolkien
2025-07-15 22:20:26,755 - INFO - Scraping author: Alfred Tennyson
2025-07-15 22:20:27,375 - INFO - Scraping author: Terry Pratchett
2025-07-15 22:20:27,861 - INFO - Scraping author: J.D. Salinger
2025-07-15 22:20:28,581 - INFO - Scraping author: George Carlin
2025-07-15 22:20:28,935 - INFO - Scraping author: John Lennon
2025-07-15 22:20:29,304 - INFO - Scraping author: W.C. Fields
2025-07-15 22:20:29,676 - INFO - Scraping author: Jimi Hendrix
2025-07-15 22:20:30,193 - INFO - Scraping author: J.M. Barrie
2025-07-15 22:20:30,814 - INFO - Scraping author: E.E. Cummings
2025-07-15 22:20:31,505 - INFO - Scraping author: Khaled Hosseini
2025-07-15 22:20:31,867 - INFO - Scraping author: Harper Lee
2025-07-15 22:20:32,286 - INFO - Scraping author: Madeleine L'Engle
2025-07-15 22:20:32,902 - INFO - 49 authors saved to autori/prova.csv
2025-07-15 22:20:32,903 - INFO - Scraping completed. 97 quotes found.
